<?xml version="1.0" encoding="UTF-8"?>
<!-- Generated by org.testng.reporters.JUnitReportReporter -->
<testsuite skipped="0" hostname="posabari" name="com.training.sanity.tests.Testinggg" tests="1" failures="0" timestamp="06 Aug 2019 04:56:17 GMT" time="26.754" errors="0">
  <testcase name="validLoginTest" time="26.754" classname="com.training.sanity.tests.Testinggg"/>
</testsuite> <!-- com.training.sanity.tests.Testinggg -->
