<?xml version="1.0" encoding="UTF-8"?>
<!-- Generated by org.testng.reporters.JUnitReportReporter -->
<testsuite skipped="0" hostname="posabari" name="com.training.sanity.tests.TestCase08" tests="1" failures="0" timestamp="31 Jul 2019 05:01:27 GMT" time="42.007" errors="0">
  <testcase name="validLoginTest" time="42.007" classname="com.training.sanity.tests.TestCase08"/>
</testsuite> <!-- com.training.sanity.tests.TestCase08 -->
