<?xml version="1.0" encoding="UTF-8"?>
<!-- Generated by org.testng.reporters.JUnitReportReporter -->
<testsuite skipped="0" hostname="posabari" name="com.training.sanity.tests.LoginTests" tests="1" failures="0" timestamp="26 Jul 2019 11:18:55 GMT" time="16.423" errors="0">
  <testcase name="validLoginTest" time="16.423" classname="com.training.sanity.tests.LoginTests"/>
</testsuite> <!-- com.training.sanity.tests.LoginTests -->
