<?xml version="1.0" encoding="UTF-8"?>
<!-- Generated by org.testng.reporters.JUnitReportReporter -->
<testsuite skipped="0" hostname="posabari" name="com.training.sanity.tests.TestCase10" tests="1" failures="0" timestamp="27 Jul 2019 08:07:21 GMT" time="35.745" errors="0">
  <testcase name="validLoginTest" time="35.745" classname="com.training.sanity.tests.TestCase10"/>
</testsuite> <!-- com.training.sanity.tests.TestCase10 -->
