<?xml version="1.0" encoding="UTF-8"?>
<!-- Generated by org.testng.reporters.JUnitReportReporter -->
<testsuite skipped="0" hostname="posabari" name="com.training.sanity.tests.TestCase40" tests="1" failures="0" timestamp="06 Aug 2019 19:37:33 GMT" time="39.885" errors="0">
  <testcase name="validLoginTest" time="39.885" classname="com.training.sanity.tests.TestCase40"/>
</testsuite> <!-- com.training.sanity.tests.TestCase40 -->
