<?xml version="1.0" encoding="UTF-8"?>
<!-- Generated by org.testng.reporters.JUnitReportReporter -->
<testsuite skipped="0" hostname="posabari" name="com.training.sanity.tests.TestCase037" tests="1" failures="0" timestamp="02 Aug 2019 05:10:17 GMT" time="35.024" errors="0">
  <testcase name="validLoginTest" time="35.024" classname="com.training.sanity.tests.TestCase037"/>
</testsuite> <!-- com.training.sanity.tests.TestCase037 -->
