<?xml version="1.0" encoding="UTF-8"?>
<!-- Generated by org.testng.reporters.JUnitReportReporter -->
<testsuite skipped="0" hostname="posabari" name="com.training.sanity.tests.TestCase07" tests="1" failures="0" timestamp="31 Jul 2019 04:39:05 GMT" time="42.707" errors="0">
  <testcase name="validLoginTest" time="42.707" classname="com.training.sanity.tests.TestCase07"/>
</testsuite> <!-- com.training.sanity.tests.TestCase07 -->
