<?xml version="1.0" encoding="UTF-8"?>
<!-- Generated by org.testng.reporters.JUnitReportReporter -->
<testsuite skipped="0" hostname="posabari" name="com.training.sanity.tests.TestCase09" tests="1" failures="0" timestamp="27 Jul 2019 07:49:00 GMT" time="33.459" errors="0">
  <testcase name="validLoginTest" time="33.459" classname="com.training.sanity.tests.TestCase09"/>
</testsuite> <!-- com.training.sanity.tests.TestCase09 -->
