<?xml version="1.0" encoding="UTF-8"?>
<!-- Generated by org.testng.reporters.JUnitReportReporter -->
<testsuite skipped="0" hostname="posabari" name="com.training.sanity.tests.TesttCase" tests="1" failures="0" timestamp="03 Aug 2019 09:24:53 GMT" time="68.938" errors="0">
  <testcase name="validLoginTest" time="68.938" classname="com.training.sanity.tests.TesttCase"/>
</testsuite> <!-- com.training.sanity.tests.TesttCase -->
