<?xml version="1.0" encoding="UTF-8"?>
<!-- Generated by org.testng.reporters.JUnitReportReporter -->
<testsuite skipped="0" hostname="posabari" name="com.training.sanity.tests.TestCase39" tests="1" failures="0" timestamp="04 Aug 2019 11:30:19 GMT" time="53.445" errors="0">
  <testcase name="validLoginTest" time="53.445" classname="com.training.sanity.tests.TestCase39"/>
</testsuite> <!-- com.training.sanity.tests.TestCase39 -->
