<?xml version="1.0" encoding="UTF-8"?>
<!-- Generated by org.testng.reporters.JUnitReportReporter -->
<testsuite skipped="0" hostname="posabari" name="com.training.sanity.tests.TestCase036" tests="1" failures="0" timestamp="01 Aug 2019 12:06:41 GMT" time="43.639" errors="0">
  <testcase name="validLoginTest" time="43.639" classname="com.training.sanity.tests.TestCase036"/>
</testsuite> <!-- com.training.sanity.tests.TestCase036 -->
